 
           M U L L I K E N  A N A L Y S I S
                          of 
    Molecular Orbital in terms of Atomic Orbital wt.%
 
For questions/suggestions contact Gaurab Ganguly
                                  gaurabganguly1989@gmail.com
 
Molecular Orbital of interest:
------------------------------
Symmetry label= 2 , Index= 43
 
Files from Molcas/OpenMolcas Calculation:
-----------------------------------------
Seward file   : uf6-seward-dft.out
Orbital file  : uf6.ScfOrb
HDF5 file     : uf6.guessorb.h5
 
 
                 POINT GROUP = Ci
-------------------------------------------------------------
Symm. label      Irrep.       No. of MOs
-------------------------------------------------------------
          1      ag                  60
          2      au                  69
-------------------------------------------------------------

Mulliken Analysis of:
n-th ('n = 43') MO in 'au' Symmetry (symm. label = '2').
All AO function with > 1.0% weight in the MO is printed.
-------------------------------------------------------------
AO-func.          wt.%  
-------------------------------------------------------------
U-5f0            74.0%
U-6f0             2.1%
F1-2pz           19.1%
F2-2pz            2.1%
F3-2pz            2.1%
-------------------------------------------------------------

