 
           M U L L I K E N  A N A L Y S I S
                          of 
    Molecular Orbital in terms of Atomic Orbital wt.%
 
For questions/suggestions contact Gaurab Ganguly
                                  gaurabganguly1989@gmail.com
 
Molecular Orbital of interest:
------------------------------
Symmetry label= 1 , Index= 74
 
Files from Molcas/OpenMolcas Calculation:
-----------------------------------------
Seward file   : uf6-seward-dft.out
Orbital file  : uf6.ScfOrb
HDF5 file     : uf6.guessorb.h5
 
 
BAS       Basis functions          129

                 POINT GROUP = C1
-------------------------------------------------------------
Symm. label      Irrep.       No. of MOs
-------------------------------------------------------------
          1      a                  129
-------------------------------------------------------------

Mulliken Analysis of:
n-th ('n = 74') MO in 'a' Symmetry (symm. label = '1').
All AO function with > 1.0% weight in the MO is printed.
-------------------------------------------------------------
AO-func.          wt.%  
-------------------------------------------------------------
U-5f2-           99.8%
-------------------------------------------------------------

